[2025-07-25 12:14:47] [ERROR] SEND MESSAGE FAILED: Message validation failed: senderModel: `admin` is not a valid enum value for path `senderModel`.
[2025-07-25 12:16:12] [ERROR] SEND MESSAGE FAILED: Message validation failed: senderModel: `student` is not a valid enum value for path `senderModel`.
[2025-07-25 12:21:05] [ERROR] SEND MESSAGE FAILED: Message validation failed: receiverModel: `Teacher` is not a valid enum value for path `receiverModel`.
[2025-07-26 11:36:31] [ERROR] SEND MESSAGE FAILED: Message validation failed: receiverModel: `Teacher` is not a valid enum value for path `receiverModel`.
[2025-07-26 11:36:40] [ERROR] SEND MESSAGE FAILED: Message validation failed: receiverModel: `Teacher` is not a valid enum value for path `receiverModel`.
[2025-07-26 11:36:51] [ERROR] SEND MESSAGE FAILED: Message validation failed: receiverModel: `Teacher` is not a valid enum value for path `receiverModel`.
[2025-07-27 12:22:52] [ERROR] SEND MESSAGE FAILED: Message validation failed: content: Path `content` is required.
[2025-07-27 12:24:23] [ERROR] SEND MESSAGE FAILED: Message validation failed: content: Path `content` is required.
[2025-07-27 12:29:58] [ERROR] SEND MESSAGE FAILED: Message validation failed: content: Path `content` is required.
[2025-07-27 12:30:54] [ERROR] SEND MESSAGE FAILED: Message validation failed: content: Path `content` is required.
[2025-07-27 14:39:32] [ERROR] Failed to send password reset email to test@yopmail.com: nodemailer.createTransporter is not a function
[2025-07-27 14:39:32] [ERROR] Forgot password failed for test@yopmail.com: Failed to send password reset email
[2025-07-27 14:39:54] [ERROR] Failed to send password reset email to test@yopmail.com: nodemailer.createTransporter is not a function
[2025-07-27 14:39:54] [ERROR] Forgot password failed for test@yopmail.com: Failed to send password reset email
[2025-07-27 14:40:40] [ERROR] Failed to send password reset email to test@yopmail.com: nodemailer.createTransporter is not a function
[2025-07-27 14:40:40] [ERROR] Forgot password failed for test@yopmail.com: Failed to send password reset email
[2025-07-27 14:40:53] [ERROR] Failed to send password reset email to admin@example.com: nodemailer.createTransporter is not a function
[2025-07-27 14:40:53] [ERROR] Forgot password failed for admin@example.com: Failed to send password reset email
[2025-07-27 14:42:54] [ERROR] Failed to send password reset email to test@yopmail.com: nodemailer.createTransporter is not a function
[2025-07-27 14:42:54] [ERROR] Forgot password failed for test@yopmail.com: Failed to send password reset email
[2025-07-27 14:43:05] [ERROR] Failed to send password reset email to test@yopmail.com: nodemailer.createTransporter is not a function
[2025-07-27 14:43:05] [ERROR] Forgot password failed for test@yopmail.com: Failed to send password reset email
[2025-07-27 14:44:08] [ERROR] Failed to send password reset email to test@yopmail.com: nodemailer.createTransporter is not a function
[2025-07-27 14:44:08] [ERROR] Forgot password failed for test@yopmail.com: Failed to send password reset email
[2025-07-27 14:44:24] [ERROR] Failed to send password reset email to test@yopmail.com: nodemailer.createTransporter is not a function
[2025-07-27 14:44:24] [ERROR] Forgot password failed for test@yopmail.com: Failed to send password reset email
[2025-07-27 15:21:26] [ERROR] Forgot password failed for testingdemo1290@yopmail.com: nodemailer.createTransporter is not a function
[2025-07-27 15:21:34] [ERROR] Forgot password failed for testingdemo1290@yopmail.com: nodemailer.createTransporter is not a function
[2025-07-28 09:21:54] [ERROR] Failed to fetch student stats: mongoose is not defined
[2025-07-28 09:22:27] [ERROR] Failed to fetch student stats: mongoose is not defined
[2025-07-28 09:22:40] [ERROR] Failed to fetch student stats: mongoose is not defined
[2025-07-28 09:23:32] [ERROR] Failed to fetch student stats: Class constructor ObjectId cannot be invoked without 'new'
[2025-07-28 09:23:44] [ERROR] Failed to fetch student stats: Class constructor ObjectId cannot be invoked without 'new'
[2025-07-28 09:53:39] [ERROR] Failed to fetch student profile: Student is not defined
[2025-07-28 09:54:20] [ERROR] Failed to fetch student profile: Student is not defined
[2025-07-28 23:37:17] [ERROR] Failed to book appointment: Appointment validation failed: bookingType: `custom` is not a valid enum value for path `bookingType`.
[2025-07-28 23:55:52] [ERROR] Failed to book appointment: Appointment validation failed: bookingType: `custom` is not a valid enum value for path `bookingType`.
